<?xml version="1.0" encoding="UTF-8"?>
<!-- Generated by org.testng.reporters.JUnitXMLReporter -->
<testsuite ignored="2" hostname="DESKTOP-TIC5DM4" failures="10" tests="56" name="TestCases" time="1171.805" errors="0" timestamp="2024-08-08T12:12:26 IST">
  <testcase classname="com.qa.testcases.checkoutTC_002" name="addingnewadress" time="86.36"/>
  <testcase classname="com.qa.testcases.checkoutTC_002" name="checkoutProcess" time="31.858"/>
  <testcase classname="com.qa.testcases.checkoutTC_002" name="checkoutProcess1" time="58.052">
    <failure type="org.openqa.selenium.ElementClickInterceptedException" message="element click intercepted: Element &amp;lt;button class=&amp;quot;action primary checkout&amp;quot; type=&amp;quot;submit&amp;quot; data-bind=&amp;quot;
                        click: placeOrder,
                        attr: {title: $t(&amp;apos;Place Order&amp;apos;)},
                        css: {disabled: !isPlaceOrderActionAllowed()},
                        enable: (getCode() == isChecked())
                        &amp;quot; title=&amp;quot;Place Order&amp;quot;&amp;gt;...&amp;lt;/button&amp;gt; is not clickable at point (867, 422). Other element would receive the click: &amp;lt;div class=&amp;quot;billing-address-details&amp;quot;&amp;gt;...&amp;lt;/div&amp;gt;
  (Session info: chrome=127.0.6533.90)
Build info: version: &amp;apos;4.22.0&amp;apos;, revision: &amp;apos;c5f3146703*&amp;apos;
System info: os.name: &amp;apos;Windows 10&amp;apos;, os.arch: &amp;apos;amd64&amp;apos;, os.version: &amp;apos;10.0&amp;apos;, java.version: &amp;apos;17.0.11&amp;apos;
Driver info: org.openqa.selenium.chrome.ChromeDriver
Command: [972974252f3a392116903a02e18f7031, clickElement {id=f.D452C665EC25027FFD6EBD133952D55C.d.437B811364A7A943B20CB9EDFC3D2DEE.e.548}]
Capabilities {acceptInsecureCerts: false, browserName: chrome, browserVersion: 127.0.6533.90, chrome: {chromedriverVersion: 127.0.6533.99 (f31af5097d90..., userDataDir: C:\Windows\SystemTemp\scope...}, fedcm:accounts: true, goog:chromeOptions: {debuggerAddress: localhost:49657}, networkConnectionEnabled: false, pageLoadStrategy: normal, platformName: windows, proxy: Proxy(), se:cdp: ws://localhost:49657/devtoo..., se:cdpVersion: 127.0.6533.90, setWindowRect: true, strictFileInteractability: false, timeouts: {implicit: 0, pageLoad: 300000, script: 30000}, unhandledPromptBehavior: dismiss and notify, webauthn:extension:credBlob: true, webauthn:extension:largeBlob: true, webauthn:extension:minPinLength: true, webauthn:extension:prf: true, webauthn:virtualAuthenticators: true}
Element: [[ChromeDriver: chrome on windows (972974252f3a392116903a02e18f7031)] -&amp;gt; xpath: //*[@id=&amp;quot;checkout-payment-method-load&amp;quot;]/div/div/div[2]/div[2]/div[4]/div/button]
Session ID: 972974252f3a392116903a02e18f7031">
      <![CDATA[org.openqa.selenium.ElementClickInterceptedException: element click intercepted: Element <button class="action primary checkout" type="submit" data-bind="
                        click: placeOrder,
                        attr: {title: $t('Place Order')},
                        css: {disabled: !isPlaceOrderActionAllowed()},
                        enable: (getCode() == isChecked())
                        " title="Place Order">...</button> is not clickable at point (867, 422). Other element would receive the click: <div class="billing-address-details">...</div>
  (Session info: chrome=127.0.6533.90)
Build info: version: '4.22.0', revision: 'c5f3146703*'
System info: os.name: 'Windows 10', os.arch: 'amd64', os.version: '10.0', java.version: '17.0.11'
Driver info: org.openqa.selenium.chrome.ChromeDriver
Command: [972974252f3a392116903a02e18f7031, clickElement {id=f.D452C665EC25027FFD6EBD133952D55C.d.437B811364A7A943B20CB9EDFC3D2DEE.e.548}]
Capabilities {acceptInsecureCerts: false, browserName: chrome, browserVersion: 127.0.6533.90, chrome: {chromedriverVersion: 127.0.6533.99 (f31af5097d90..., userDataDir: C:\Windows\SystemTemp\scope...}, fedcm:accounts: true, goog:chromeOptions: {debuggerAddress: localhost:49657}, networkConnectionEnabled: false, pageLoadStrategy: normal, platformName: windows, proxy: Proxy(), se:cdp: ws://localhost:49657/devtoo..., se:cdpVersion: 127.0.6533.90, setWindowRect: true, strictFileInteractability: false, timeouts: {implicit: 0, pageLoad: 300000, script: 30000}, unhandledPromptBehavior: dismiss and notify, webauthn:extension:credBlob: true, webauthn:extension:largeBlob: true, webauthn:extension:minPinLength: true, webauthn:extension:prf: true, webauthn:virtualAuthenticators: true}
Element: [[ChromeDriver: chrome on windows (972974252f3a392116903a02e18f7031)] -> xpath: //*[@id="checkout-payment-method-load"]/div/div/div[2]/div[2]/div[4]/div/button]
Session ID: 972974252f3a392116903a02e18f7031
at org.openqa.selenium.remote.ErrorCodec.decode(ErrorCodec.java:167)
at org.openqa.selenium.remote.codec.w3c.W3CHttpResponseCodec.decode(W3CHttpResponseCodec.java:138)
at org.openqa.selenium.remote.codec.w3c.W3CHttpResponseCodec.decode(W3CHttpResponseCodec.java:50)
at org.openqa.selenium.remote.HttpCommandExecutor.execute(HttpCommandExecutor.java:190)
at org.openqa.selenium.remote.service.DriverCommandExecutor.invokeExecute(DriverCommandExecutor.java:216)
at org.openqa.selenium.remote.service.DriverCommandExecutor.execute(DriverCommandExecutor.java:174)
at org.openqa.selenium.remote.RemoteWebDriver.execute(RemoteWebDriver.java:518)
at org.openqa.selenium.remote.RemoteWebElement.execute(RemoteWebElement.java:223)
at org.openqa.selenium.remote.RemoteWebElement.click(RemoteWebElement.java:76)
at com.qa.testcases.checkoutTC_002.checkoutProcess1(checkoutTC_002.java:279)
at java.base/java.util.ArrayList.forEach(ArrayList.java:1511)
... Removed 32 stack frames]]>
    </failure>
  </testcase> <!-- checkoutProcess1 -->
  <testcase classname="com.qa.testcases.checkoutTC_002" name="missingshippingdeatils" time="28.019"/>
  <testcase classname="com.qa.testcases.addtocart" name="addtocardaction" time="12.846"/>
  <testcase classname="com.qa.testcases.addtocart" name="addtocardaction1" time="22.418"/>
  <testcase classname="com.qa.testcases.addtocart" name="addtocardaction2" time="39.286"/>
  <testcase classname="com.qa.testcases.addtocart" name="addtocardaction4" time="42.522">
    <failure type="org.openqa.selenium.ElementClickInterceptedException" message="element click intercepted: Element &amp;lt;a href=&amp;quot;#&amp;quot; data-bind=&amp;quot;attr: {&amp;apos;data-cart-item&amp;apos;: item_id, title: $t(&amp;apos;Remove item&amp;apos;)}&amp;quot; class=&amp;quot;action delete&amp;quot; data-cart-item=&amp;quot;236960&amp;quot; title=&amp;quot;Remove item&amp;quot;&amp;gt;...&amp;lt;/a&amp;gt; is not clickable at point (1373, 423). Other element would receive the click: &amp;lt;div class=&amp;quot;modals-overlay&amp;quot; style=&amp;quot;z-index: 901;&amp;quot;&amp;gt;&amp;lt;/div&amp;gt;
  (Session info: chrome=127.0.6533.90)
Build info: version: &amp;apos;4.22.0&amp;apos;, revision: &amp;apos;c5f3146703*&amp;apos;
System info: os.name: &amp;apos;Windows 10&amp;apos;, os.arch: &amp;apos;amd64&amp;apos;, os.version: &amp;apos;10.0&amp;apos;, java.version: &amp;apos;17.0.11&amp;apos;
Driver info: org.openqa.selenium.chrome.ChromeDriver
Command: [e70222d8d97057915bff101c189b8e3f, clickElement {id=f.FBC99179740955B6B756603C498A4470.d.02A91D36A3FE222B50FCF2BD4A199E7A.e.715}]
Capabilities {acceptInsecureCerts: false, browserName: chrome, browserVersion: 127.0.6533.90, chrome: {chromedriverVersion: 127.0.6533.99 (f31af5097d90..., userDataDir: C:\Windows\SystemTemp\scope...}, fedcm:accounts: true, goog:chromeOptions: {debuggerAddress: localhost:49939}, networkConnectionEnabled: false, pageLoadStrategy: normal, platformName: windows, proxy: Proxy(), se:cdp: ws://localhost:49939/devtoo..., se:cdpVersion: 127.0.6533.90, setWindowRect: true, strictFileInteractability: false, timeouts: {implicit: 0, pageLoad: 300000, script: 30000}, unhandledPromptBehavior: dismiss and notify, webauthn:extension:credBlob: true, webauthn:extension:largeBlob: true, webauthn:extension:minPinLength: true, webauthn:extension:prf: true, webauthn:virtualAuthenticators: true}
Element: [[ChromeDriver: chrome on windows (e70222d8d97057915bff101c189b8e3f)] -&amp;gt; xpath: //a[@title=&amp;apos;Remove item&amp;apos;]]
Session ID: e70222d8d97057915bff101c189b8e3f">
      <![CDATA[org.openqa.selenium.ElementClickInterceptedException: element click intercepted: Element <a href="#" data-bind="attr: {'data-cart-item': item_id, title: $t('Remove item')}" class="action delete" data-cart-item="236960" title="Remove item">...</a> is not clickable at point (1373, 423). Other element would receive the click: <div class="modals-overlay" style="z-index: 901;"></div>
  (Session info: chrome=127.0.6533.90)
Build info: version: '4.22.0', revision: 'c5f3146703*'
System info: os.name: 'Windows 10', os.arch: 'amd64', os.version: '10.0', java.version: '17.0.11'
Driver info: org.openqa.selenium.chrome.ChromeDriver
Command: [e70222d8d97057915bff101c189b8e3f, clickElement {id=f.FBC99179740955B6B756603C498A4470.d.02A91D36A3FE222B50FCF2BD4A199E7A.e.715}]
Capabilities {acceptInsecureCerts: false, browserName: chrome, browserVersion: 127.0.6533.90, chrome: {chromedriverVersion: 127.0.6533.99 (f31af5097d90..., userDataDir: C:\Windows\SystemTemp\scope...}, fedcm:accounts: true, goog:chromeOptions: {debuggerAddress: localhost:49939}, networkConnectionEnabled: false, pageLoadStrategy: normal, platformName: windows, proxy: Proxy(), se:cdp: ws://localhost:49939/devtoo..., se:cdpVersion: 127.0.6533.90, setWindowRect: true, strictFileInteractability: false, timeouts: {implicit: 0, pageLoad: 300000, script: 30000}, unhandledPromptBehavior: dismiss and notify, webauthn:extension:credBlob: true, webauthn:extension:largeBlob: true, webauthn:extension:minPinLength: true, webauthn:extension:prf: true, webauthn:virtualAuthenticators: true}
Element: [[ChromeDriver: chrome on windows (e70222d8d97057915bff101c189b8e3f)] -> xpath: //a[@title='Remove item']]
Session ID: e70222d8d97057915bff101c189b8e3f
at org.openqa.selenium.remote.ErrorCodec.decode(ErrorCodec.java:167)
at org.openqa.selenium.remote.codec.w3c.W3CHttpResponseCodec.decode(W3CHttpResponseCodec.java:138)
at org.openqa.selenium.remote.codec.w3c.W3CHttpResponseCodec.decode(W3CHttpResponseCodec.java:50)
at org.openqa.selenium.remote.HttpCommandExecutor.execute(HttpCommandExecutor.java:190)
at org.openqa.selenium.remote.service.DriverCommandExecutor.invokeExecute(DriverCommandExecutor.java:216)
at org.openqa.selenium.remote.service.DriverCommandExecutor.execute(DriverCommandExecutor.java:174)
at org.openqa.selenium.remote.RemoteWebDriver.execute(RemoteWebDriver.java:518)
at org.openqa.selenium.remote.RemoteWebElement.execute(RemoteWebElement.java:223)
at org.openqa.selenium.remote.RemoteWebElement.click(RemoteWebElement.java:76)
at org.openqa.selenium.support.pagefactory.internal.LocatingElementHandler.invoke(LocatingElementHandler.java:51)
at jdk.proxy2/jdk.proxy2.$Proxy20.click(Unknown Source)
at com.qa.pages.DashboardPage.clickdeletebutton(DashboardPage.java:146)
at com.qa.testcases.addtocart.addtocardaction4(addtocart.java:124)
at java.base/java.util.ArrayList.forEach(ArrayList.java:1511)
... Removed 35 stack frames]]>
    </failure>
  </testcase> <!-- addtocardaction4 -->
  <testcase classname="com.qa.testcases.loginTC_001" name="loginUser" time="6.676"/>
  <testcase classname="com.qa.testcases.loginTC_001" name="loginUser" time="4.597"/>
  <testcase classname="com.qa.testcases.loginTC_001" name="loginUser" time="14.239"/>
  <testcase classname="com.qa.testcases.loginTC_001" name="loginUser" time="5.696"/>
  <testcase classname="com.qa.testcases.loginTC_001" name="loginUser" time="4.941"/>
  <testcase classname="com.qa.testcases.loginTC_001" name="loginUser" time="7.835"/>
  <testcase classname="com.qa.testcases.loginTC_001" name="loginUser" time="4.714"/>
  <testcase classname="com.qa.testcases.loginTC_001" name="loginUser" time="0.004"/>
  <testcase classname="com.qa.testcases.loginTC_001" name="testIncorrectLogin" time="3.43"/>
  <testcase classname="com.qa.testcases.loginTC_001" name="testIncorrectLogin_password" time="3.661"/>
  <testcase classname="com.qa.testcases.loginTC_001" name="testempty_email" time="1.406"/>
  <testcase classname="com.qa.testcases.loginTC_001" name="testempty_password" time="0.846"/>
  <testcase classname="com.qa.testcases.loginTC_001" name="testforgottenpassword" time="22.27"/>
  <testcase classname="com.qa.testcases.loginTC_001" name="testinvalid_email" time="1.071"/>
  <testcase classname="com.qa.testcases.loginTC_001" name="testinvalid_email2" time="1.008"/>
  <testcase classname="com.qa.testcases.loginTC_001" name="testinvalid_email3" time="3.247"/>
  <testcase classname="com.qa.testcases.loginTC_001" name="testinvalid_email4" time="1.126"/>
  <testcase classname="com.qa.testcases.loginTC_001" name="testinvalid_password" time="1.064"/>
  <testcase classname="com.qa.testcases.loginTC_001" name="testinvalid_password1" time="4.426"/>
  <testcase classname="com.qa.testcases.loginTC_001" name="testinvalid_password2" time="4.0"/>
  <testcase classname="com.qa.testcases.loginTC_001" name="testspecialcharcter" time="6.584"/>
  <testcase classname="com.qa.testcases.loginTC_001" name="testwrongcase" time="12.486"/>
  <testcase classname="com.qa.testcases.loginTC_001" name="testValidLogin" time="7.037"/>
  <testcase classname="com.qa.testcases.LumaStoreSearchTest" name="checkoutProcess" time="7.062"/>
  <testcase classname="com.qa.testcases.LumaStoreSearchTest" name="checkoutProcess" time="7.545"/>
  <testcase classname="com.qa.testcases.LumaStoreSearchTest" name="checkoutProcess" time="5.163"/>
  <testcase classname="com.qa.testcases.LumaStoreSearchTest" name="checkoutProcess" time="4.011"/>
  <testcase classname="com.qa.testcases.LumaStoreSearchTest" name="checkoutProcess" time="3.34"/>
  <testcase classname="com.qa.testcases.LumaStoreSearchTest" name="testSearch" time="3.297"/>
  <testcase classname="com.qa.testcases.LumaStoreSearchTest" name="testSearch" time="22.354"/>
  <testcase classname="com.qa.testcases.LumaStoreSearchTest" name="testSearch" time="20.429"/>
  <testcase classname="com.qa.testcases.LumaStoreSearchTest" name="testSearch" time="36.294"/>
  <testcase classname="com.qa.testcases.LumaStoreSearchTest" name="testSearch" time="22.614"/>
  <testcase classname="com.qa.testcases.LumaStoreSearchTest" name="testSearch" time="3.667">
    <failure type="java.lang.AssertionError" message="Expected no results for query: &amp;apos;; DROP TABLE users;-- expected [true] but found [false]">
      <![CDATA[java.lang.AssertionError: Expected no results for query: '; DROP TABLE users;-- expected [true] but found [false]
at com.qa.testcases.LumaStoreSearchTest.performSearchTest(LumaStoreSearchTest.java:154)
at com.qa.testcases.LumaStoreSearchTest.testSearch(LumaStoreSearchTest.java:133)
at java.base/java.util.ArrayList.forEach(ArrayList.java:1511)
... Removed 30 stack frames]]>
    </failure>
  </testcase> <!-- testSearch -->
  <testcase classname="com.qa.testcases.LumaStoreSearchTest" name="testSearch" time="22.618"/>
  <testcase classname="com.qa.testcases.SignUpTests" name="testUserRegistration" time="4.34"/>
  <testcase classname="com.qa.testcases.SignUpTests" name="TC_SignUp_02_UnsuccessfulSignUpWithEmptyMandatoryFields" time="2.075"/>
  <testcase classname="com.qa.testcases.SignUpTests" name="TC_SignUp_03_UnsuccessfulSignUpWithInvalidEmailFormat" time="1.891"/>
  <testcase classname="com.qa.testcases.SignUpTests" name="TC_SignUp_04_UnsuccessfulSignUpWithWeakPassword" time="1.803"/>
  <testcase classname="com.qa.testcases.SignUpTests" name="TC_SignUp_05_UnsuccessfulSignUpWithMismatchedPassword" time="2.249"/>
  <testcase classname="com.qa.testcases.SignUpTests" name="TC_SignUp_06_SuccessfulRegistration" time="8.839"/>
  <testcase classname="com.qa.testcases.whishlist" name="testaddtoWishlist" time="0.002">
    <failure type="java.lang.NullPointerException" message="Cannot invoke &amp;quot;com.aventstack.extentreports.ExtentReports.createTest(String, String)&amp;quot; because &amp;quot;this.extent&amp;quot; is null">
      <![CDATA[java.lang.NullPointerException: Cannot invoke "com.aventstack.extentreports.ExtentReports.createTest(String, String)" because "this.extent" is null
at com.qa.testcases.whishlist.testaddtoWishlist(whishlist.java:37)
at java.base/java.util.ArrayList.forEach(ArrayList.java:1511)
... Removed 27 stack frames]]>
    </failure>
  </testcase> <!-- testaddtoWishlist -->
  <testcase classname="com.qa.testcases.whishlist" name="testaddtoWishlistwithlogin" time="0.005">
    <failure type="java.lang.NullPointerException" message="Cannot invoke &amp;quot;com.aventstack.extentreports.ExtentReports.createTest(String, String)&amp;quot; because &amp;quot;this.extent&amp;quot; is null">
      <![CDATA[java.lang.NullPointerException: Cannot invoke "com.aventstack.extentreports.ExtentReports.createTest(String, String)" because "this.extent" is null
at com.qa.testcases.whishlist.testaddtoWishlistwithlogin(whishlist.java:73)
at java.base/java.util.ArrayList.forEach(ArrayList.java:1511)
... Removed 27 stack frames]]>
    </failure>
  </testcase> <!-- testaddtoWishlistwithlogin -->
  <testcase classname="com.qa.testcases.whishlist" name="viewWishlistwithlogin" time="0.004">
    <failure type="java.lang.NullPointerException" message="Cannot invoke &amp;quot;com.aventstack.extentreports.ExtentReports.createTest(String, String)&amp;quot; because &amp;quot;this.extent&amp;quot; is null">
      <![CDATA[java.lang.NullPointerException: Cannot invoke "com.aventstack.extentreports.ExtentReports.createTest(String, String)" because "this.extent" is null
at com.qa.testcases.whishlist.viewWishlistwithlogin(whishlist.java:122)
at java.base/java.util.ArrayList.forEach(ArrayList.java:1511)
... Removed 27 stack frames]]>
    </failure>
  </testcase> <!-- viewWishlistwithlogin -->
  <testcase classname="com.qa.testcases.whishlist" name="removeWishlistwithlogin" time="0.002">
    <failure type="java.lang.NullPointerException" message="Cannot invoke &amp;quot;com.aventstack.extentreports.ExtentReports.createTest(String, String)&amp;quot; because &amp;quot;this.extent&amp;quot; is null">
      <![CDATA[java.lang.NullPointerException: Cannot invoke "com.aventstack.extentreports.ExtentReports.createTest(String, String)" because "this.extent" is null
at com.qa.testcases.whishlist.removeWishlistwithlogin(whishlist.java:160)
at java.base/java.util.ArrayList.forEach(ArrayList.java:1511)
... Removed 27 stack frames]]>
    </failure>
  </testcase> <!-- removeWishlistwithlogin -->
  <testcase classname="com.qa.testcases.whishlist" name="addduplicateWishlistwithlogin" time="0.002">
    <failure type="java.lang.NullPointerException" message="Cannot invoke &amp;quot;com.aventstack.extentreports.ExtentReports.createTest(String, String)&amp;quot; because &amp;quot;this.extent&amp;quot; is null">
      <![CDATA[java.lang.NullPointerException: Cannot invoke "com.aventstack.extentreports.ExtentReports.createTest(String, String)" because "this.extent" is null
at com.qa.testcases.whishlist.addduplicateWishlistwithlogin(whishlist.java:200)
at java.base/java.util.ArrayList.forEach(ArrayList.java:1511)
... Removed 27 stack frames]]>
    </failure>
  </testcase> <!-- addduplicateWishlistwithlogin -->
  <testcase classname="com.qa.testcases.whishlist" name="addmultipleWishlistwithlogin" time="0.003">
    <failure type="java.lang.NullPointerException" message="Cannot invoke &amp;quot;com.aventstack.extentreports.ExtentReports.createTest(String, String)&amp;quot; because &amp;quot;this.extent&amp;quot; is null">
      <![CDATA[java.lang.NullPointerException: Cannot invoke "com.aventstack.extentreports.ExtentReports.createTest(String, String)" because "this.extent" is null
at com.qa.testcases.whishlist.addmultipleWishlistwithlogin(whishlist.java:251)
at java.base/java.util.ArrayList.forEach(ArrayList.java:1511)
... Removed 27 stack frames]]>
    </failure>
  </testcase> <!-- addmultipleWishlistwithlogin -->
  <testcase classname="com.qa.testcases.whishlist" name="addWishlisttocartwithlogin" time="0.002">
    <failure type="java.lang.NullPointerException" message="Cannot invoke &amp;quot;com.aventstack.extentreports.ExtentReports.createTest(String, String)&amp;quot; because &amp;quot;this.extent&amp;quot; is null">
      <![CDATA[java.lang.NullPointerException: Cannot invoke "com.aventstack.extentreports.ExtentReports.createTest(String, String)" because "this.extent" is null
at com.qa.testcases.whishlist.addWishlisttocartwithlogin(whishlist.java:307)
at java.base/java.util.ArrayList.forEach(ArrayList.java:1511)
... Removed 27 stack frames]]>
    </failure>
  </testcase> <!-- addWishlisttocartwithlogin -->
  <testcase classname="utilites.BaseTest" name="@AfterSuite tearDownReport" time="0.0">
    <ignored/>
  </testcase> <!-- @AfterSuite tearDownReport -->
  <testcase classname="utilites.BaseTest" name="@BeforeSuite setUpReport" time="0.0">
    <ignored/>
  </testcase> <!-- @BeforeSuite setUpReport -->
</testsuite> <!-- TestCases -->
