<?xml version="1.0" encoding="UTF-8"?>
<!-- Generated by org.testng.reporters.JUnitReportReporter -->
<testsuite hostname="DESKTOP-TIC5DM4" failures="1" tests="12" name="com.qa.testcases.LumaStoreSearchTest" time="288.259" errors="0" timestamp="2024-08-08T12:12:27 IST" skipped="0">
  <testcase classname="com.qa.testcases.LumaStoreSearchTest" name="testSearch" time="12.236">
    <failure message="Expected no results for query: &#039;; DROP TABLE users;-- expected [true] but found [false]" type="java.lang.AssertionError">
      <![CDATA[java.lang.AssertionError: Expected no results for query: '; DROP TABLE users;-- expected [true] but found [false]
at org.testng.Assert.fail(Assert.java:99)
at org.testng.Assert.failNotEquals(Assert.java:1037)
at org.testng.Assert.assertTrue(Assert.java:45)
at com.qa.testcases.LumaStoreSearchTest.performSearchTest(LumaStoreSearchTest.java:154)
at com.qa.testcases.LumaStoreSearchTest.testSearch(LumaStoreSearchTest.java:133)
at java.base/jdk.internal.reflect.NativeMethodAccessorImpl.invoke0(Native Method)
at java.base/jdk.internal.reflect.NativeMethodAccessorImpl.invoke(NativeMethodAccessorImpl.java:77)
at java.base/jdk.internal.reflect.DelegatingMethodAccessorImpl.invoke(DelegatingMethodAccessorImpl.java:43)
at java.base/java.lang.reflect.Method.invoke(Method.java:568)
at org.testng.internal.MethodInvocationHelper.invokeMethod(MethodInvocationHelper.java:133)
at org.testng.internal.TestInvoker.invokeMethod(TestInvoker.java:598)
at org.testng.internal.TestInvoker.invokeTestMethod(TestInvoker.java:173)
at org.testng.internal.MethodRunner.runInSequence(MethodRunner.java:46)
at org.testng.internal.TestInvoker$MethodInvocationAgent.invoke(TestInvoker.java:824)
at org.testng.internal.TestInvoker.invokeTestMethods(TestInvoker.java:146)
at org.testng.internal.TestMethodWorker.invokeTestMethods(TestMethodWorker.java:146)
at org.testng.internal.TestMethodWorker.run(TestMethodWorker.java:128)
at java.base/java.util.ArrayList.forEach(ArrayList.java:1511)
at org.testng.TestRunner.privateRun(TestRunner.java:794)
at org.testng.TestRunner.run(TestRunner.java:596)
at org.testng.SuiteRunner.runTest(SuiteRunner.java:377)
at org.testng.SuiteRunner.runSequentially(SuiteRunner.java:371)
at org.testng.SuiteRunner.privateRun(SuiteRunner.java:332)
at org.testng.SuiteRunner.run(SuiteRunner.java:276)
at org.testng.SuiteRunnerWorker.runSuite(SuiteRunnerWorker.java:53)
at org.testng.SuiteRunnerWorker.run(SuiteRunnerWorker.java:96)
at org.testng.TestNG.runSuitesSequentially(TestNG.java:1212)
at org.testng.TestNG.runSuitesLocally(TestNG.java:1134)
at org.testng.TestNG.runSuites(TestNG.java:1063)
at org.testng.TestNG.run(TestNG.java:1031)
at org.testng.remote.AbstractRemoteTestNG.run(AbstractRemoteTestNG.java:115)
at org.testng.remote.RemoteTestNG.initAndRun(RemoteTestNG.java:293)
at org.testng.remote.RemoteTestNG.main(RemoteTestNG.java:91)
]]>
    </failure>
  </testcase> <!-- testSearch -->
  <system-out/>
  <testcase classname="com.qa.testcases.LumaStoreSearchTest" name="checkoutProcess" time="10.673"/>
  <system-out/>
  <testcase classname="com.qa.testcases.LumaStoreSearchTest" name="testSearch" time="32.070"/>
  <system-out/>
  <testcase classname="com.qa.testcases.LumaStoreSearchTest" name="checkoutProcess" time="14.118"/>
  <system-out/>
  <testcase classname="com.qa.testcases.LumaStoreSearchTest" name="checkoutProcess" time="16.711"/>
  <system-out/>
  <testcase classname="com.qa.testcases.LumaStoreSearchTest" name="testSearch" time="29.573"/>
  <system-out/>
  <testcase classname="com.qa.testcases.LumaStoreSearchTest" name="testSearch" time="29.960"/>
  <system-out/>
  <testcase classname="com.qa.testcases.LumaStoreSearchTest" name="checkoutProcess" time="12.511"/>
  <system-out/>
  <testcase classname="com.qa.testcases.LumaStoreSearchTest" name="testSearch" time="28.000"/>
  <system-out/>
  <testcase classname="com.qa.testcases.LumaStoreSearchTest" name="testSearch" time="52.307"/>
  <system-out/>
  <testcase classname="com.qa.testcases.LumaStoreSearchTest" name="checkoutProcess" time="19.209"/>
  <system-out/>
  <testcase classname="com.qa.testcases.LumaStoreSearchTest" name="testSearch" time="30.891"/>
  <system-out/>
</testsuite> <!-- com.qa.testcases.LumaStoreSearchTest -->
